<?xml version="1.0" encoding="UTF-8"?>
<!-- Generated by org.testng.reporters.JUnitXMLReporter -->
<testsuite hostname="DESKTOP-2PJ77R5" ignored="1" name="Default test(failed)" tests="2" failures="0" timestamp="2022-10-13T16:33:16 IST" time="13.044" errors="0">
  <testcase name="hardAssert" time="0.015" classname="Framework_TestNG.Assert_practice"/>
  <testcase name="softAssert" time="0.016" classname="Framework_TestNG.Assert_practice"/>
  <testcase name="imagedisply" time="0.0" classname="Framework_TestNG.Assert_practice">
    <ignored/>
  </testcase> <!-- imagedisply -->
</testsuite> <!-- Default test(failed) -->
