<?xml version="1.0" encoding="UTF-8"?>
<!-- Generated by org.testng.reporters.JUnitXMLReporter -->
<testsuite hostname="DESKTOP-2PJ77R5" ignored="0" name="Test" tests="10" failures="0" timestamp="2022-10-13T16:39:31 IST" time="8.237" errors="0">
  <testcase name="logoTest" time="0.078" classname="Framework_TestNG.parameterExample"/>
  <testcase name="homepageTitle" time="0.009" classname="Framework_TestNG.parameterExample"/>
  <testcase name="tc1" time="0.002" classname="Framework_TestNG.GroupingExample"/>
  <testcase name="tc2" time="0.002" classname="Framework_TestNG.GroupingExample"/>
  <testcase name="tc3" time="0.002" classname="Framework_TestNG.GroupingExample"/>
  <testcase name="tc4" time="0.001" classname="Framework_TestNG.GroupingExample"/>
  <testcase name="tc5" time="0.002" classname="Framework_TestNG.GroupingExample"/>
  <testcase name="tc6" time="0.002" classname="Framework_TestNG.GroupingExample"/>
  <testcase name="method1" time="0.003" classname="Framework_TestNG.sample1"/>
  <testcase name="method2" time="0.002" classname="Framework_TestNG.sample1"/>
</testsuite> <!-- Test -->
